[0430/172212:INFO:http_cache_transaction.cc(72)] IgnoreZeroCacheError: 0
[0430/172317:WARNING:url_request_job_manager.cc(89)] Failed to map: weixin://resourceid/blank
[0501/140006:WARNING:quota_manager.cc(1833)] Create directory failed for path
[0501/140006:WARNING:quota_manager.cc(1833)] Create directory failed for path
[0501/140007:WARNING:spdy_session.cc(2455)] Received HEADERS for invalid stream 47
[0501/140007:WARNING:spdy_session.cc(2455)] Received HEADERS for invalid stream 49
[0501/140007:WARNING:spdy_session.cc(2455)] Received HEADERS for invalid stream 51
[0501/140007:WARNING:url_request_job_manager.cc(89)] Failed to map: weixin://resourceid/blank
[0501/140007:WARNING:spdy_session.cc(2682)] Received WINDOW_UPDATE for invalid stream 7
[0501/140007:WARNING:spdy_session.cc(2455)] Received HEADERS for invalid stream 5
[0501/143006:WARNING:quota_manager.cc(1833)] Create directory failed for path
[0501/150006:WARNING:quota_manager.cc(1833)] Create directory failed for path
[0501/153006:WARNING:quota_manager.cc(1833)] Create directory failed for path
[0501/153313:WARNING:dns_config_service_win.cc(674)] Failed to read DnsConfig.
[0501/200358:WARNING:quota_manager.cc(1833)] Create directory failed for path
[0501/203359:WARNING:quota_manager.cc(1833)] Create directory failed for path
[0501/210359:WARNING:quota_manager.cc(1833)] Create directory failed for path
[0501/213359:WARNING:quota_manager.cc(1833)] Create directory failed for path
[0501/220359:WARNING:quota_manager.cc(1833)] Create directory failed for path
[0501/223359:WARNING:quota_manager.cc(1833)] Create directory failed for path
[0501/230359:WARNING:quota_manager.cc(1833)] Create directory failed for path
[0501/233359:WARNING:quota_manager.cc(1833)] Create directory failed for path
[0502/000359:WARNING:quota_manager.cc(1833)] Create directory failed for path
[0502/003359:WARNING:quota_manager.cc(1833)] Create directory failed for path
[0502/010359:WARNING:quota_manager.cc(1833)] Create directory failed for path
[0502/013359:WARNING:quota_manager.cc(1833)] Create directory failed for path
[0502/020359:WARNING:quota_manager.cc(1833)] Create directory failed for path
[0502/023359:WARNING:quota_manager.cc(1833)] Create directory failed for path
[0502/030359:WARNING:quota_manager.cc(1833)] Create directory failed for path
[0502/033359:WARNING:quota_manager.cc(1833)] Create directory failed for path
[0502/040359:WARNING:quota_manager.cc(1833)] Create directory failed for path
[0502/043359:WARNING:quota_manager.cc(1833)] Create directory failed for path
[0502/050359:WARNING:quota_manager.cc(1833)] Create directory failed for path
[0502/053359:WARNING:quota_manager.cc(1833)] Create directory failed for path
[0502/060359:WARNING:quota_manager.cc(1833)] Create directory failed for path
[0502/063359:WARNING:quota_manager.cc(1833)] Create directory failed for path
[0502/070359:WARNING:quota_manager.cc(1833)] Create directory failed for path
[0502/073359:WARNING:quota_manager.cc(1833)] Create directory failed for path
[0502/080359:WARNING:quota_manager.cc(1833)] Create directory failed for path
[0502/083359:WARNING:quota_manager.cc(1833)] Create directory failed for path
[0502/090359:WARNING:quota_manager.cc(1833)] Create directory failed for path
[0502/093359:WARNING:quota_manager.cc(1833)] Create directory failed for path
[0502/100359:WARNING:quota_manager.cc(1833)] Create directory failed for path
[0502/103359:WARNING:quota_manager.cc(1833)] Create directory failed for path
[0502/110359:WARNING:quota_manager.cc(1833)] Create directory failed for path
[0502/113359:WARNING:quota_manager.cc(1833)] Create directory failed for path
[0502/120359:WARNING:quota_manager.cc(1833)] Create directory failed for path
[0502/123359:WARNING:quota_manager.cc(1833)] Create directory failed for path
[0502/130359:WARNING:quota_manager.cc(1833)] Create directory failed for path
[0502/133359:WARNING:quota_manager.cc(1833)] Create directory failed for path
[0502/134855:WARNING:url_request_job_manager.cc(89)] Failed to map: weixin://resourceid/blank
[0502/140359:WARNING:quota_manager.cc(1833)] Create directory failed for path
[0502/143359:WARNING:quota_manager.cc(1833)] Create directory failed for path
[0502/150359:WARNING:quota_manager.cc(1833)] Create directory failed for path
[0502/153359:WARNING:quota_manager.cc(1833)] Create directory failed for path
[0502/160359:WARNING:quota_manager.cc(1833)] Create directory failed for path
[0502/163359:WARNING:quota_manager.cc(1833)] Create directory failed for path
[0502/163902:WARNING:dns_config_service_win.cc(674)] Failed to read DnsConfig.
[0502/200415:WARNING:quota_manager.cc(1833)] Create directory failed for path
[0502/203415:WARNING:quota_manager.cc(1833)] Create directory failed for path
[0502/210415:WARNING:quota_manager.cc(1833)] Create directory failed for path
[0502/211408:WARNING:dns_config_service_win.cc(674)] Failed to read DnsConfig.
[0502/220805:WARNING:quota_manager.cc(1833)] Create directory failed for path
[0502/223805:WARNING:quota_manager.cc(1833)] Create directory failed for path
[0502/230805:WARNING:quota_manager.cc(1833)] Create directory failed for path
[0502/233805:WARNING:quota_manager.cc(1833)] Create directory failed for path
[0503/000805:WARNING:quota_manager.cc(1833)] Create directory failed for path
[0503/003805:WARNING:quota_manager.cc(1833)] Create directory failed for path
[0503/004633:WARNING:dns_config_service_win.cc(674)] Failed to read DnsConfig.
[0503/010805:WARNING:quota_manager.cc(1833)] Create directory failed for path
[0503/011359:WARNING:dns_config_service_win.cc(674)] Failed to read DnsConfig.
[0503/011543:ERROR:browser_gpu_channel_host_factory.cc(119)] Failed to launch GPU process.
